# JRE version: OpenJDK Runtime Environment (17.0.11) (build 17.0.11+0--11852314)
# Java VM: OpenJDK 64-Bit Server VM (17.0.11+0--11852314, mixed mode, tiered, compressed oops, compressed class ptrs, g1 gc, windows-amd64)
GC Precious Log:
 CPUs: 12 total, 12 available
 Memory: 7939M
 Large Page Support: Disabled
 NUMA Support: Disabled
 Compressed Oops: Enabled (32-bit)
 Heap Region Size: 1M
 Heap Min Capacity: 8M
 Heap Initial Capacity: 126M
 Heap Max Capacity: 2G
 Pre-touch: Disabled
 Parallel Workers: 10
 Concurrent Workers: 3
 Concurrent Refinement Workers: 10
 Periodic GC: Disabled
Heap:
 garbage-first heap   total 456704K, used 186845K [0x0000000080000000, 0x0000000100000000)
  region size 1024K, 9 young (9216K), 9 survivors (9216K)
 Metaspace       used 166056K, committed 167360K, reserved 1245184K
  class space    used 22937K, committed 23552K, reserved 1048576K
GC Heap History (20 events):
Event: 16.669 GC heap after
{Heap after GC invocations=45 (full 0):
 garbage-first heap   total 456704K, used 169249K [0x0000000080000000, 0x0000000100000000)
  region size 1024K, 6 young (6144K), 6 survivors (6144K)
 Metaspace       used 153112K, committed 153984K, reserved 1245184K
  class space    used 21431K, committed 21824K, reserved 1048576K
}
Event: 107.135 GC heap before
{Heap before GC invocations=45 (full 0):
 garbage-first heap   total 456704K, used 389409K [0x0000000080000000, 0x0000000100000000)
  region size 1024K, 205 young (209920K), 6 survivors (6144K)
 Metaspace       used 159258K, committed 160256K, reserved 1245184K
  class space    used 22248K, committed 22720K, reserved 1048576K
}
Event: 107.193 GC heap after
{Heap after GC invocations=46 (full 0):
 garbage-first heap   total 456704K, used 180243K [0x0000000080000000, 0x0000000100000000)
  region size 1024K, 19 young (19456K), 19 survivors (19456K)
 Metaspace       used 159258K, committed 160256K, reserved 1245184K
  class space    used 22248K, committed 22720K, reserved 1048576K
}
Event: 200.990 GC heap before
{Heap before GC invocations=47 (full 0):
 garbage-first heap   total 456704K, used 388713K [0x0000000080000000, 0x0000000100000000)
  region size 1024K, 205 young (209920K), 19 survivors (19456K)
 Metaspace       used 147661K, committed 148736K, reserved 1245184K
  class space    used 20718K, committed 21248K, reserved 1048576K
}
Event: 201.047 GC heap after
{Heap after GC invocations=48 (full 0):
 garbage-first heap   total 456704K, used 189964K [0x0000000080000000, 0x0000000100000000)
  region size 1024K, 12 young (12288K), 12 survivors (12288K)
 Metaspace       used 147661K, committed 148736K, reserved 1245184K
  class space    used 20718K, committed 21248K, reserved 1048576K
}
Event: 201.181 GC heap before
{Heap before GC invocations=48 (full 0):
 garbage-first heap   total 456704K, used 200204K [0x0000000080000000, 0x0000000100000000)
  region size 1024K, 22 young (22528K), 12 survivors (12288K)
 Metaspace       used 147769K, committed 148864K, reserved 1245184K
  class space    used 20721K, committed 21248K, reserved 1048576K
}
Event: 201.198 GC heap after
{Heap after GC invocations=49 (full 0):
 garbage-first heap   total 456704K, used 182958K [0x0000000080000000, 0x0000000100000000)
  region size 1024K, 3 young (3072K), 3 survivors (3072K)
 Metaspace       used 147769K, committed 148864K, reserved 1245184K
  class space    used 20721K, committed 21248K, reserved 1048576K
}
Event: 205.484 GC heap before
{Heap before GC invocations=49 (full 0):
 garbage-first heap   total 456704K, used 318126K [0x0000000080000000, 0x0000000100000000)
  region size 1024K, 137 young (140288K), 3 survivors (3072K)
 Metaspace       used 148130K, committed 149312K, reserved 1245184K
  class space    used 20742K, committed 21312K, reserved 1048576K
}
Event: 205.506 GC heap after
{Heap after GC invocations=50 (full 0):
 garbage-first heap   total 456704K, used 192512K [0x0000000080000000, 0x0000000100000000)
  region size 1024K, 12 young (12288K), 12 survivors (12288K)
 Metaspace       used 148130K, committed 149312K, reserved 1245184K
  class space    used 20742K, committed 21312K, reserved 1048576K
}
Event: 1320.256 GC heap before
{Heap before GC invocations=51 (full 0):
 garbage-first heap   total 456704K, used 379904K [0x0000000080000000, 0x0000000100000000)
  region size 1024K, 187 young (191488K), 12 survivors (12288K)
 Metaspace       used 148931K, committed 150016K, reserved 1245184K
  class space    used 20762K, committed 21312K, reserved 1048576K
}
Event: 1320.347 GC heap after
{Heap after GC invocations=52 (full 0):
 garbage-first heap   total 456704K, used 192892K [0x0000000080000000, 0x0000000100000000)
  region size 1024K, 23 young (23552K), 23 survivors (23552K)
 Metaspace       used 148931K, committed 150016K, reserved 1245184K
  class space    used 20762K, committed 21312K, reserved 1048576K
}
Event: 1320.388 GC heap before
{Heap before GC invocations=52 (full 0):
 garbage-first heap   total 456704K, used 193916K [0x0000000080000000, 0x0000000100000000)
  region size 1024K, 24 young (24576K), 23 survivors (23552K)
 Metaspace       used 148931K, committed 150016K, reserved 1245184K
  class space    used 20762K, committed 21312K, reserved 1048576K
}
Event: 1320.460 GC heap after
{Heap after GC invocations=53 (full 0):
 garbage-first heap   total 456704K, used 172458K [0x0000000080000000, 0x0000000100000000)
  region size 1024K, 3 young (3072K), 3 survivors (3072K)
 Metaspace       used 148931K, committed 150016K, reserved 1245184K
  class space    used 20762K, committed 21312K, reserved 1048576K
}
Event: 1328.803 GC heap before
{Heap before GC invocations=53 (full 0):
 garbage-first heap   total 456704K, used 235946K [0x0000000080000000, 0x0000000100000000)
  region size 1024K, 67 young (68608K), 3 survivors (3072K)
 Metaspace       used 149377K, committed 150592K, reserved 1245184K
  class space    used 20818K, committed 21376K, reserved 1048576K
}
Event: 1328.846 GC heap after
{Heap after GC invocations=54 (full 0):
 garbage-first heap   total 456704K, used 175812K [0x0000000080000000, 0x0000000100000000)
  region size 1024K, 6 young (6144K), 6 survivors (6144K)
 Metaspace       used 149377K, committed 150592K, reserved 1245184K
  class space    used 20818K, committed 21376K, reserved 1048576K
}
Event: 1331.052 GC heap before
{Heap before GC invocations=55 (full 0):
 garbage-first heap   total 456704K, used 376516K [0x0000000080000000, 0x0000000100000000)
  region size 1024K, 197 young (201728K), 6 survivors (6144K)
 Metaspace       used 160447K, committed 161664K, reserved 1245184K
  class space    used 22139K, committed 22720K, reserved 1048576K
}
Event: 1331.092 GC heap after
{Heap after GC invocations=56 (full 0):
 garbage-first heap   total 456704K, used 195475K [0x0000000080000000, 0x0000000100000000)
  region size 1024K, 21 young (21504K), 21 survivors (21504K)
 Metaspace       used 160447K, committed 161664K, reserved 1245184K
  class space    used 22139K, committed 22720K, reserved 1048576K
}
Event: 1331.106 GC heap before
{Heap before GC invocations=56 (full 0):
 garbage-first heap   total 456704K, used 196499K [0x0000000080000000, 0x0000000100000000)
  region size 1024K, 22 young (22528K), 21 survivors (21504K)
 Metaspace       used 160453K, committed 161664K, reserved 1245184K
  class space    used 22139K, committed 22720K, reserved 1048576K
}
Event: 1331.266 GC heap after
{Heap after GC invocations=57 (full 0):
 garbage-first heap   total 456704K, used 180375K [0x0000000080000000, 0x0000000100000000)
  region size 1024K, 2 young (2048K), 2 survivors (2048K)
 Metaspace       used 160453K, committed 161664K, reserved 1245184K
  class space    used 22139K, committed 22720K, reserved 1048576K
}
Event: 1332.946 GC heap before
{Heap before GC invocations=57 (full 0):
 garbage-first heap   total 456704K, used 333975K [0x0000000080000000, 0x0000000100000000)
  region size 1024K, 153 young (156672K), 2 survivors (2048K)
 Metaspace       used 166056K, committed 167360K, reserved 1245184K
  class space    used 22937K, committed 23552K, reserved 1048576K
}

